<?xml version="1.0" encoding="UTF-8"?>
<testsuite xmlns:xsi="http://www.w3.org/2001/XMLSchema-instance" xsi:noNamespaceSchemaLocation="https://maven.apache.org/surefire/maven-surefire-plugin/xsd/surefire-test-report-3.0.xsd" version="3.0" name="com.oracle.graalvm.demos.MainTest" time="3.753" tests="1" errors="0" skipped="0" failures="0">
  <properties>
[...]
</properties>
  <testcase name="testHelloWorld" classname="com.oracle.graalvm.demos.MainTest" time="1.268">
    <system-out><![CDATA[2021.08.11 11:53:39 INFO io.helidon.common.LogConfig Thread[main,5,main]: Logging at initialization configured using /Users/nono/Projects/Workshops/EMEA-HOL-GraalVMPolyglot/GraalVM-Polyglot-Labs/01/covid19-trends/target/classes/logging.properties
2021.08.11 11:53:40 INFO io.helidon.tracing.tracerresolver.TracerResolverBuilder Thread[main,5,main]: TracerResolver not configured, tracing is disabled
2021.08.11 11:53:40 WARNING io.helidon.microprofile.tracing.TracingCdiExtension Thread[main,5,main]: helidon-microprofile-tracing is on the classpath, yet there is no tracer implementation library. Tracing uses a no-op tracer. As a result, no tracing will be configured for WebServer and JAX-RS
2021.08.11 11:53:40 INFO io.helidon.microprofile.security.SecurityCdiExtension Thread[main,5,main]: Authentication provider is missing from security configuration, but security extension for microprofile is enabled (requires providers configuration at key security.providers). Security will not have any valid authentication provider
2021.08.11 11:53:40 INFO io.helidon.microprofile.security.SecurityCdiExtension Thread[main,5,main]: Authorization provider is missing from security configuration, but security extension for microprofile is enabled (requires providers configuration at key security.providers). ABAC provider is configured for authorization.
2021.08.11 11:53:41 INFO io.helidon.microprofile.server.ServerCdiExtension Thread[main,5,main]: Registering JAX-RS Application: HelidonMP
2021.08.11 11:53:41 INFO io.helidon.webserver.NettyWebServer Thread[nioEventLoopGroup-2-1,10,main]: Channel '@default' started: [id: 0x6267103c, L:/0:0:0:0:0:0:0:0:8080]
2021.08.11 11:53:41 INFO io.helidon.microprofile.server.ServerCdiExtension Thread[main,5,main]: Server started on http://localhost:8080 (and all other host addresses) in 3990 milliseconds (since JVM startup).
2021.08.11 11:53:41 INFO io.helidon.common.HelidonFeatures Thread[features-thread,5,main]: Helidon MP 2.3.2 features: [CDI, Config, Fault Tolerance, Health, JAX-RS, Metrics, Open API, REST Client, Security, Server, Tracing]
{"Welcome to GraalVM Polyglot EMEA HOL!"}
]]></system-out>
  </testcase>
</testsuite>